<html>
<head>
<title>TestNG:  Command line test</title>
<link href="../testng.css" rel="stylesheet" type="text/css" />
<link href="../my-testng.css" rel="stylesheet" type="text/css" />

<style type="text/css">
.log { display: none;} 
.stack-trace { display: none;} 
</style>
<script type="text/javascript">
<!--
function flip(e) {
  current = e.style.display;
  if (current == 'block') {
    e.style.display = 'none';
    return 0;
  }
  else {
    e.style.display = 'block';
    return 1;
  }
}

function toggleBox(szDivId, elem, msg1, msg2)
{
  var res = -1;  if (document.getElementById) {
    res = flip(document.getElementById(szDivId));
  }
  else if (document.all) {
    // this is the way old msie versions work
    res = flip(document.all[szDivId]);
  }
  if(elem) {
    if(res == 0) elem.innerHTML = msg1; else elem.innerHTML = msg2;
  }

}

function toggleAllBoxes() {
  if (document.getElementsByTagName) {
    d = document.getElementsByTagName('div');
    for (i = 0; i < d.length; i++) {
      if (d[i].className == 'log') {
        flip(d[i]);
      }
    }
  }
}

// -->
</script>

</head>
<body>
<h2 align='center'>Command line test</h2><table border='1' align="center">
<tr>
<td>Tests passed/Failed/Skipped:</td><td>0/1/0</td>
</tr><tr>
<td>Started on:</td><td>Mon Jul 17 20:01:01 BST 2023</td>
</tr>
<tr><td>Total time:</td><td>109 seconds (109912 ms)</td>
</tr><tr>
<td>Included groups:</td><td></td>
</tr><tr>
<td>Excluded groups:</td><td></td>
</tr>
</table><p/>
<small><i>(Hover the method name to see the test class name)</i></small><p/>
<table width='100%' border='1' class='invocation-failed'>
<tr><td colspan='4' align='center'><b>FAILED TESTS</b></td></tr>
<tr><td><b>Test method</b></td>
<td width="30%"><b>Exception</b></td>
<td width="10%"><b>Time (seconds)</b></td>
<td><b>Instance</b></td>
</tr>
<tr>
<td title='com.nopcommerce.demo.sw5.testsuite.ComputersTest.verifyProductAddedToShoppingCartSuccessFully()'><b>verifyProductAddedToShoppingCartSuccessFully</b><br>Test class: com.nopcommerce.demo.sw5.testsuite.ComputersTest<br>Parameters: Harry, VD, United Kingdom, London, Union Hall, HA0 4SE, 07432654896<br/>
<a href="#Output-1202907617" onClick='toggleBox("Output-1202907617", this, "Show output", "Hide output");'>Show output</a>

<a href="#Output-1202907617" onClick="toggleAllBoxes();">Show all outputs</a>
<div class='log' id="Output-1202907617">
Select HDD: [[ChromeDriver: chrome on WINDOWS (53409414b22cb3c7b39676bbc5659b7d)] -> xpath: //div[@class='block block-category-navigation']/descendant::a[2]]<br><br/>
Select Z To A filter : [[ChromeDriver: chrome on WINDOWS (53409414b22cb3c7b39676bbc5659b7d)] -> id: products-orderby]<br><br/>
Click on Add To Cart: <br/>
Verify Build your own computer Text: [[ChromeDriver: chrome on WINDOWS (53409414b22cb3c7b39676bbc5659b7d)] -> xpath: //h1[text()='Build your own computer']]<br><br/>
Select processor : [[ChromeDriver: chrome on WINDOWS (53409414b22cb3c7b39676bbc5659b7d)] -> id: product_attribute_1]<br><br/>
Select RAM: [[ChromeDriver: chrome on WINDOWS (53409414b22cb3c7b39676bbc5659b7d)] -> id: product_attribute_2]<br><br/>
Select HDD: [[ChromeDriver: chrome on WINDOWS (53409414b22cb3c7b39676bbc5659b7d)] -> id: product_attribute_3_7]<br><br/>
Select OS: [[ChromeDriver: chrome on WINDOWS (53409414b22cb3c7b39676bbc5659b7d)] -> id: product_attribute_4_9]<br><br/>
Select Software: [[ChromeDriver: chrome on WINDOWS (53409414b22cb3c7b39676bbc5659b7d)] -> id: product_attribute_5_12]<br><br/>
Click on Add to Cart button: [[ChromeDriver: chrome on WINDOWS (53409414b22cb3c7b39676bbc5659b7d)] -> id: add-to-cart-button-1]<br><br/>
Verify Add to Cart message: [[ChromeDriver: chrome on WINDOWS (53409414b22cb3c7b39676bbc5659b7d)] -> xpath: //p[text()='The product has been added to your ']]<br><br/>
Click on Cross button: [[ChromeDriver: chrome on WINDOWS (53409414b22cb3c7b39676bbc5659b7d)] -> xpath: //span[@title='Close']]<br><br/>
Mouse hover on Shopping Cart: [[ChromeDriver: chrome on WINDOWS (53409414b22cb3c7b39676bbc5659b7d)] -> xpath: //span[text()='Shopping cart']]<br><br/>
Click on Go To Cart: [[ChromeDriver: chrome on WINDOWS (53409414b22cb3c7b39676bbc5659b7d)] -> xpath: //button[text()='Go to cart']]<br><br/>
Verify Shopping Cart Title [[ChromeDriver: chrome on WINDOWS (53409414b22cb3c7b39676bbc5659b7d)] -> xpath: //h1[text()='Shopping cart']]<br><br/>
Change quantity: [[ChromeDriver: chrome on WINDOWS (53409414b22cb3c7b39676bbc5659b7d)] -> xpath: //input[@class='qty-input']]<br><br/>
Verify total: [[ChromeDriver: chrome on WINDOWS (53409414b22cb3c7b39676bbc5659b7d)] -> xpath: //span[@class='value-summary']//strong]<br><br/>
Click on Terms of Service checkbox [[ChromeDriver: chrome on WINDOWS (53409414b22cb3c7b39676bbc5659b7d)] -> id: termsofservice]<br><br/>
Click on Checkout button [[ChromeDriver: chrome on WINDOWS (53409414b22cb3c7b39676bbc5659b7d)] -> id: checkout]<br><br/>
Verify Welcome Text [[ChromeDriver: chrome on WINDOWS (53409414b22cb3c7b39676bbc5659b7d)] -> xpath: //div[@class='page-title']//h1]<br><br/>
Click on Checkout As Guest button: [[ChromeDriver: chrome on WINDOWS (53409414b22cb3c7b39676bbc5659b7d)] -> xpath: //button[text()='Checkout as Guest']]<br><br/>
Input first name [[ChromeDriver: chrome on WINDOWS (53409414b22cb3c7b39676bbc5659b7d)] -> id: BillingNewAddress_FirstName]<br/>
Input last name [[ChromeDriver: chrome on WINDOWS (53409414b22cb3c7b39676bbc5659b7d)] -> id: BillingNewAddress_LastName]<br/>
Input email [[ChromeDriver: chrome on WINDOWS (53409414b22cb3c7b39676bbc5659b7d)] -> id: BillingNewAddress_Email]<br/>
Select Country [[ChromeDriver: chrome on WINDOWS (53409414b22cb3c7b39676bbc5659b7d)] -> id: BillingNewAddress_CountryId]<br/>
Select city1 [[ChromeDriver: chrome on WINDOWS (53409414b22cb3c7b39676bbc5659b7d)] -> id: BillingNewAddress_City]<br/>
Input address1 [[ChromeDriver: chrome on WINDOWS (53409414b22cb3c7b39676bbc5659b7d)] -> id: BillingNewAddress_LastName]<br/>
Input zipcode [[ChromeDriver: chrome on WINDOWS (53409414b22cb3c7b39676bbc5659b7d)] -> id: BillingNewAddress_ZipPostalCode]<br/>
Input telnum [[ChromeDriver: chrome on WINDOWS (53409414b22cb3c7b39676bbc5659b7d)] -> id: BillingNewAddress_PhoneNumber]<br/>
Click ContinueBtn [[ChromeDriver: chrome on WINDOWS (53409414b22cb3c7b39676bbc5659b7d)] -> xpath: //button[@onclick='Billing.save()']]<br/>
Click NextDayAirRadioBtn [[ChromeDriver: chrome on WINDOWS (53409414b22cb3c7b39676bbc5659b7d)] -> id: shippingoption_1]<br/>
Click continueOnShipping [[ChromeDriver: chrome on WINDOWS (53409414b22cb3c7b39676bbc5659b7d)] -> xpath: //button[@class='button-1 shipping-method-next-step-button']]<br/>
click creditCard [[ChromeDriver: chrome on WINDOWS (53409414b22cb3c7b39676bbc5659b7d)] -> id: paymentmethod_1]<br/>
click payment Continue Option [[ChromeDriver: chrome on WINDOWS (53409414b22cb3c7b39676bbc5659b7d)] -> xpath: //button[@name='save' and @class='button-1 payment-method-next-step-button']]<br/>
select creditCard [[ChromeDriver: chrome on WINDOWS (53409414b22cb3c7b39676bbc5659b7d)] -> id: CreditCardType]<br/>
Input cardHolderName [[ChromeDriver: chrome on WINDOWS (53409414b22cb3c7b39676bbc5659b7d)] -> id: CardholderName]<br/>
Input cardNumber [[ChromeDriver: chrome on WINDOWS (53409414b22cb3c7b39676bbc5659b7d)] -> id: CardNumber]<br/>
Select Card Expire Month: [[ChromeDriver: chrome on WINDOWS (53409414b22cb3c7b39676bbc5659b7d)] -> id: ExpireMonth]<br><br/>
Select Expire year: [[ChromeDriver: chrome on WINDOWS (53409414b22cb3c7b39676bbc5659b7d)] -> id: ExpireYear]<br><br/>
Enter Card Code: [[ChromeDriver: chrome on WINDOWS (53409414b22cb3c7b39676bbc5659b7d)] -> id: CardCode]<br><br/>
Click on Continue button: [[ChromeDriver: chrome on WINDOWS (53409414b22cb3c7b39676bbc5659b7d)] -> xpath: //button[@class='button-1 payment-info-next-step-button']]<br><br/>
Verify Payment Method Proxy element for: DefaultElementLocator 'By.xpath: //li[@class='payment-method']//span[@class='value']'<br><br/>
</div>
</td>
<td><div><pre>org.openqa.selenium.NoSuchElementException: no such element: Unable to locate element: {&quot;method&quot;:&quot;xpath&quot;,&quot;selector&quot;:&quot;//li[@class=&apos;payment-method&apos;]//span[@class=&apos;value&apos;]&quot;}
  (Session info: chrome=114.0.5735.199)
For documentation on this error, please visit: https://selenium.dev/exceptions/#no_such_element
Build info: version: &apos;4.9.0&apos;, revision: &apos;d7057100a6&apos;
System info: os.name: &apos;Windows 10&apos;, os.arch: &apos;amd64&apos;, os.version: &apos;10.0&apos;, java.version: &apos;1.8.0_121&apos;
Driver info: org.openqa.selenium.chrome.ChromeDriver
Command: [53409414b22cb3c7b39676bbc5659b7d, findElement {using=xpath, value=//li[@class=&apos;payment-method&apos;]//span[@class=&apos;value&apos;]}]
Capabilities {acceptInsecureCerts: false, browserName: chrome, browserVersion: 114.0.5735.199, chrome: {chromedriverVersion: 114.0.5735.90 (386bc09e8f4f..., userDataDir: C:\Users\sspin\AppData\Loca...}, goog:chromeOptions: {debuggerAddress: localhost:12096}, networkConnectionEnabled: false, pageLoadStrategy: normal, platformName: WINDOWS, proxy: Proxy(), se:cdp: ws://localhost:12096/devtoo..., se:cdpVersion: 114.0.5735.199, setWindowRect: true, strictFileInteractability: false, timeouts: {implicit: 0, pageLoad: 300000, script: 30000}, unhandledPromptBehavior: dismiss and notify, webauthn:extension:credBlob: true, webauthn:extension:largeBlob: true, webauthn:extension:minPinLength: true, webauthn:extension:prf: true, webauthn:virtualAuthenticators: true}
Session ID: 53409414b22cb3c7b39676bbc5659b7d
	at org.openqa.selenium.remote.codec.w3c.W3CHttpResponseCodec.createException(W3CHttpResponseCodec.java:200)
	at org.openqa.selenium.remote.codec.w3c.W3CHttpResponseCodec.decode(W3CHttpResponseCodec.java:133)
	at org.openqa.selenium.remote.codec.w3c.W3CHttpResponseCodec.decode(W3CHttpResponseCodec.java:53)
	at org.openqa.selenium.remote.HttpCommandExecutor.execute(HttpCommandExecutor.java:193)
	at org.openqa.selenium.remote.service.DriverCommandExecutor.invokeExecute(DriverCommandExecutor.java:183)
	at org.openqa.selenium.remote.service.DriverCommandExecutor.execute(DriverCommandExecutor.java:158)
	at org.openqa.selenium.remote.RemoteWebDriver.execute(RemoteWebDriver.java:543)
	at org.openqa.selenium.remote.ElementLocation$ElementFinder$2.findElement(ElementLocation.java:162)
	at org.openqa.selenium.remote.ElementLocation.findElement(ElementLocation.java:60)
	at org.openqa.selenium.remote.RemoteWebDriver.findElement(RemoteWebDriver.java:352)
	at org.openqa.selenium.remote.RemoteWebDriver.findElement(RemoteWebDriver.java:344)
	at org.openqa.selenium.support.pagefactory.DefaultElementLocator.findElement(DefaultElementLocator.java:70)
	at org.openqa.selenium.support.pagefactory.internal.LocatingElementHandler.invoke(LocatingElementHandler.java:39)
	at com.sun.proxy.$Proxy16.getText(Unknown Source)
	at com.nopcommerce.demo.sw5.utility.Utility.getTextFromElement(Utility.java:34)
	at com.nopcommerce.demo.sw5.utility.Utility.verifyElements(Utility.java:324)
	at com.nopcommerce.demo.sw5.pages.CheckOutPage.verifyPaymentMethod(CheckOutPage.java:258)
	at com.nopcommerce.demo.sw5.testsuite.ComputersTest.verifyProductAddedToShoppingCartSuccessFully(ComputersTest.java:136)
	at java.util.ArrayList.forEach(ArrayList.java:1249)
... Removed 41 stack frames</pre></div><a href='#' onClick='toggleBox("stack-trace1202907617", this, "Click to show all stack frames", "Click to hide stack frames")'>Click to show all stack frames</a>
<div class='stack-trace' id='stack-trace1202907617'><pre>org.openqa.selenium.NoSuchElementException: no such element: Unable to locate element: {&quot;method&quot;:&quot;xpath&quot;,&quot;selector&quot;:&quot;//li[@class=&apos;payment-method&apos;]//span[@class=&apos;value&apos;]&quot;}
  (Session info: chrome=114.0.5735.199)
For documentation on this error, please visit: https://selenium.dev/exceptions/#no_such_element
Build info: version: &apos;4.9.0&apos;, revision: &apos;d7057100a6&apos;
System info: os.name: &apos;Windows 10&apos;, os.arch: &apos;amd64&apos;, os.version: &apos;10.0&apos;, java.version: &apos;1.8.0_121&apos;
Driver info: org.openqa.selenium.chrome.ChromeDriver
Command: [53409414b22cb3c7b39676bbc5659b7d, findElement {using=xpath, value=//li[@class=&apos;payment-method&apos;]//span[@class=&apos;value&apos;]}]
Capabilities {acceptInsecureCerts: false, browserName: chrome, browserVersion: 114.0.5735.199, chrome: {chromedriverVersion: 114.0.5735.90 (386bc09e8f4f..., userDataDir: C:\Users\sspin\AppData\Loca...}, goog:chromeOptions: {debuggerAddress: localhost:12096}, networkConnectionEnabled: false, pageLoadStrategy: normal, platformName: WINDOWS, proxy: Proxy(), se:cdp: ws://localhost:12096/devtoo..., se:cdpVersion: 114.0.5735.199, setWindowRect: true, strictFileInteractability: false, timeouts: {implicit: 0, pageLoad: 300000, script: 30000}, unhandledPromptBehavior: dismiss and notify, webauthn:extension:credBlob: true, webauthn:extension:largeBlob: true, webauthn:extension:minPinLength: true, webauthn:extension:prf: true, webauthn:virtualAuthenticators: true}
Session ID: 53409414b22cb3c7b39676bbc5659b7d
	at sun.reflect.NativeConstructorAccessorImpl.newInstance0(Native Method)
	at sun.reflect.NativeConstructorAccessorImpl.newInstance(NativeConstructorAccessorImpl.java:62)
	at sun.reflect.DelegatingConstructorAccessorImpl.newInstance(DelegatingConstructorAccessorImpl.java:45)
	at java.lang.reflect.Constructor.newInstance(Constructor.java:423)
	at org.openqa.selenium.remote.codec.w3c.W3CHttpResponseCodec.createException(W3CHttpResponseCodec.java:200)
	at org.openqa.selenium.remote.codec.w3c.W3CHttpResponseCodec.decode(W3CHttpResponseCodec.java:133)
	at org.openqa.selenium.remote.codec.w3c.W3CHttpResponseCodec.decode(W3CHttpResponseCodec.java:53)
	at org.openqa.selenium.remote.HttpCommandExecutor.execute(HttpCommandExecutor.java:193)
	at org.openqa.selenium.remote.service.DriverCommandExecutor.invokeExecute(DriverCommandExecutor.java:183)
	at org.openqa.selenium.remote.service.DriverCommandExecutor.execute(DriverCommandExecutor.java:158)
	at org.openqa.selenium.remote.RemoteWebDriver.execute(RemoteWebDriver.java:543)
	at org.openqa.selenium.remote.ElementLocation$ElementFinder$2.findElement(ElementLocation.java:162)
	at org.openqa.selenium.remote.ElementLocation.findElement(ElementLocation.java:60)
	at org.openqa.selenium.remote.RemoteWebDriver.findElement(RemoteWebDriver.java:352)
	at org.openqa.selenium.remote.RemoteWebDriver.findElement(RemoteWebDriver.java:344)
	at org.openqa.selenium.support.pagefactory.DefaultElementLocator.findElement(DefaultElementLocator.java:70)
	at org.openqa.selenium.support.pagefactory.internal.LocatingElementHandler.invoke(LocatingElementHandler.java:39)
	at com.sun.proxy.$Proxy16.getText(Unknown Source)
	at com.nopcommerce.demo.sw5.utility.Utility.getTextFromElement(Utility.java:34)
	at com.nopcommerce.demo.sw5.utility.Utility.verifyElements(Utility.java:324)
	at com.nopcommerce.demo.sw5.pages.CheckOutPage.verifyPaymentMethod(CheckOutPage.java:258)
	at com.nopcommerce.demo.sw5.testsuite.ComputersTest.verifyProductAddedToShoppingCartSuccessFully(ComputersTest.java:136)
	at sun.reflect.NativeMethodAccessorImpl.invoke0(Native Method)
	at sun.reflect.NativeMethodAccessorImpl.invoke(NativeMethodAccessorImpl.java:62)
	at sun.reflect.DelegatingMethodAccessorImpl.invoke(DelegatingMethodAccessorImpl.java:43)
	at java.lang.reflect.Method.invoke(Method.java:498)
	at org.testng.internal.invokers.MethodInvocationHelper.invokeMethod(MethodInvocationHelper.java:135)
	at org.testng.internal.invokers.TestInvoker.invokeMethod(TestInvoker.java:673)
	at org.testng.internal.invokers.TestInvoker.invokeTestMethod(TestInvoker.java:220)
	at org.testng.internal.invokers.MethodRunner.runInSequence(MethodRunner.java:50)
	at org.testng.internal.invokers.TestInvoker$MethodInvocationAgent.invoke(TestInvoker.java:945)
	at org.testng.internal.invokers.TestInvoker.invokeTestMethods(TestInvoker.java:193)
	at org.testng.internal.invokers.TestMethodWorker.invokeTestMethods(TestMethodWorker.java:146)
	at org.testng.internal.invokers.TestMethodWorker.run(TestMethodWorker.java:128)
	at java.util.ArrayList.forEach(ArrayList.java:1249)
	at org.testng.TestRunner.privateRun(TestRunner.java:808)
	at org.testng.TestRunner.run(TestRunner.java:603)
	at org.testng.SuiteRunner.runTest(SuiteRunner.java:429)
	at org.testng.SuiteRunner.runSequentially(SuiteRunner.java:423)
	at org.testng.SuiteRunner.privateRun(SuiteRunner.java:383)
	at org.testng.SuiteRunner.run(SuiteRunner.java:326)
	at org.testng.SuiteRunnerWorker.runSuite(SuiteRunnerWorker.java:52)
	at org.testng.SuiteRunnerWorker.run(SuiteRunnerWorker.java:95)
	at org.testng.TestNG.runSuitesSequentially(TestNG.java:1249)
	at org.testng.TestNG.runSuitesLocally(TestNG.java:1169)
	at org.testng.TestNG.runSuites(TestNG.java:1092)
	at org.testng.TestNG.run(TestNG.java:1060)
	at org.apache.maven.surefire.testng.TestNGExecutor.run(TestNGExecutor.java:77)
	at org.apache.maven.surefire.testng.TestNGDirectoryTestSuite.executeMulti(TestNGDirectoryTestSuite.java:159)
	at org.apache.maven.surefire.testng.TestNGDirectoryTestSuite.execute(TestNGDirectoryTestSuite.java:99)
	at org.apache.maven.surefire.testng.TestNGProvider.invoke(TestNGProvider.java:106)
	at sun.reflect.NativeMethodAccessorImpl.invoke0(Native Method)
	at sun.reflect.NativeMethodAccessorImpl.invoke(NativeMethodAccessorImpl.java:62)
	at sun.reflect.DelegatingMethodAccessorImpl.invoke(DelegatingMethodAccessorImpl.java:43)
	at java.lang.reflect.Method.invoke(Method.java:498)
	at org.apache.maven.surefire.util.ReflectionUtils.invokeMethodWithArray(ReflectionUtils.java:189)
	at org.apache.maven.surefire.booter.ProviderFactory$ProviderProxy.invoke(ProviderFactory.java:165)
	at org.apache.maven.surefire.booter.ProviderFactory.invokeProvider(ProviderFactory.java:85)
	at org.apache.maven.surefire.booter.ForkedBooter.runSuitesInProcess(ForkedBooter.java:115)
	at org.apache.maven.surefire.booter.ForkedBooter.main(ForkedBooter.java:75)
</pre></div></td>
<td>54</td>
<td>com.nopcommerce.demo.sw5.testsuite.ComputersTest@29b5cd00</td></tr>
</table><p>
</body>
</html>